<?xml version="1.0" encoding="UTF-8"?>
<!-- Generated by org.testng.reporters.JUnitReportReporter -->
<testsuite hostname="mindq-PC" name="com.bank.masters.Employee" tests="1" failures="0" timestamp="18 Jan 2017 16:05:07 GMT" time="3.513" errors="0">
  <testcase name="exeemploy" time="3.513" classname="com.bank.masters.Employee"/>
</testsuite> <!-- com.bank.masters.Employee -->
