<?xml version="1.0" encoding="UTF-8"?>
<!-- Generated by org.testng.reporters.JUnitReportReporter -->
<testsuite hostname="mindq-PC" name="com.bank.masters.ExeRhp" tests="1" failures="0" timestamp="27 Jan 2017 13:35:02 GMT" time="10.084" errors="0">
  <testcase name="exelogin" time="10.084" classname="com.bank.masters.ExeRhp"/>
</testsuite> <!-- com.bank.masters.ExeRhp -->
