<?xml version="1.0" encoding="UTF-8"?>
<!-- Generated by org.testng.reporters.JUnitReportReporter -->
<testsuite hostname="mindq-PC" name="com.bank.test.ExampleNG" tests="2" failures="0" timestamp="16 Jan 2017 16:01:02 GMT" time="0.031" errors="0">
  <testcase name="xyz" time="0.000" classname="com.bank.test.ExampleNG"/>
  <testcase name="abc" time="0.031" classname="com.bank.test.ExampleNG"/>
</testsuite> <!-- com.bank.test.ExampleNG -->
