<?xml version="1.0" encoding="UTF-8"?>
<!-- Generated by org.testng.reporters.JUnitReportReporter -->
<testsuite hostname="mindq-PC" name="com.bank.test.Gc" tests="2" failures="0" timestamp="17 Jan 2017 15:51:13 GMT" time="1.700" errors="0">
  <testcase name="clicklinks" time="1.296" classname="com.bank.test.Gc"/>
  <testcase name="search" time="0.404" classname="com.bank.test.Gc"/>
</testsuite> <!-- com.bank.test.Gc -->
