<?xml version="1.0" encoding="UTF-8"?>
<!-- Generated by org.testng.reporters.JUnitReportReporter -->
<testsuite hostname="mindq-PC" name="com.bank.masters.Role" tests="3" failures="0" timestamp="18 Jan 2017 16:05:07 GMT" time="57.335" errors="0">
  <testcase name="Exerole" time="19.173" classname="com.bank.masters.Role"/>
  <testcase name="Exerole" time="19.067" classname="com.bank.masters.Role"/>
  <testcase name="Exerole" time="19.095" classname="com.bank.masters.Role"/>
</testsuite> <!-- com.bank.masters.Role -->
