<?xml version="1.0" encoding="UTF-8"?>
<!-- Generated by org.testng.reporters.JUnitReportReporter -->
<testsuite hostname="mindq-PC" name="com.bank.masters.Branch" tests="1" failures="0" timestamp="18 Jan 2017 16:05:07 GMT" time="7.741" errors="0">
  <testcase name="exebr" time="7.741" classname="com.bank.masters.Branch"/>
</testsuite> <!-- com.bank.masters.Branch -->
